# JRE version: Java(TM) SE Runtime Environment (12.0.1+12) (build 12.0.1+12)
# Java VM: Java HotSpot(TM) 64-Bit Server VM (12.0.1+12, mixed mode, sharing, tiered, compressed oops, g1 gc, windows-amd64)
Heap:
 garbage-first heap   total 408576K, used 353844K [0x00000000c0000000, 0x0000000100000000)
  region size 1024K, 226 young (231424K), 1 survivors (1024K)
 Metaspace       used 78798K, capacity 82440K, committed 82864K, reserved 1124352K
  class space    used 7059K, capacity 8335K, committed 8448K, reserved 1048576K
GC Heap History (10 events):
Event: 2793.401 GC heap after
{Heap after GC invocations=242 (full 0):
 garbage-first heap   total 408576K, used 130175K [0x00000000c0000000, 0x0000000100000000)
  region size 1024K, 6 young (6144K), 6 survivors (6144K)
 Metaspace       used 78716K, capacity 82306K, committed 82864K, reserved 1124352K
  class space    used 7059K, capacity 8334K, committed 8448K, reserved 1048576K
}
Event: 2794.535 GC heap before
{Heap before GC invocations=242 (full 0):
 garbage-first heap   total 408576K, used 143487K [0x00000000c0000000, 0x0000000100000000)
  region size 1024K, 19 young (19456K), 6 survivors (6144K)
 Metaspace       used 78716K, capacity 82306K, committed 82864K, reserved 1124352K
  class space    used 7059K, capacity 8334K, committed 8448K, reserved 1048576K
}
Event: 2794.544 GC heap after
{Heap after GC invocations=243 (full 0):
 garbage-first heap   total 408576K, used 123006K [0x00000000c0000000, 0x0000000100000000)
  region size 1024K, 1 young (1024K), 1 survivors (1024K)
 Metaspace       used 78716K, capacity 82306K, committed 82864K, reserved 1124352K
  class space    used 7059K, capacity 8334K, committed 8448K, reserved 1048576K
}
Event: 2942.831 GC heap before
{Heap before GC invocations=243 (full 0):
 garbage-first heap   total 408576K, used 350334K [0x00000000c0000000, 0x0000000100000000)
  region size 1024K, 224 young (229376K), 1 survivors (1024K)
 Metaspace       used 78745K, capacity 82312K, committed 82864K, reserved 1124352K
  class space    used 7059K, capacity 8335K, committed 8448K, reserved 1048576K
}
Event: 2942.836 GC heap after
{Heap after GC invocations=244 (full 0):
 garbage-first heap   total 408576K, used 123952K [0x00000000c0000000, 0x0000000100000000)
  region size 1024K, 2 young (2048K), 2 survivors (2048K)
 Metaspace       used 78745K, capacity 82312K, committed 82864K, reserved 1124352K
  class space    used 7059K, capacity 8335K, committed 8448K, reserved 1048576K
}
Event: 2984.932 GC heap before
{Heap before GC invocations=244 (full 0):
 garbage-first heap   total 408576K, used 352304K [0x00000000c0000000, 0x0000000100000000)
  region size 1024K, 226 young (231424K), 2 survivors (2048K)
 Metaspace       used 78757K, capacity 82312K, committed 82864K, reserved 1124352K
  class space    used 7059K, capacity 8335K, committed 8448K, reserved 1048576K
}
Event: 2984.939 GC heap after
{Heap after GC invocations=245 (full 0):
 garbage-first heap   total 408576K, used 126548K [0x00000000c0000000, 0x0000000100000000)
  region size 1024K, 5 young (5120K), 5 survivors (5120K)
 Metaspace       used 78757K, capacity 82312K, committed 82864K, reserved 1124352K
  class space    used 7059K, capacity 8335K, committed 8448K, reserved 1048576K
}
Event: 3006.463 GC heap before
{Heap before GC invocations=245 (full 0):
 garbage-first heap   total 408576K, used 351828K [0x00000000c0000000, 0x0000000100000000)
  region size 1024K, 226 young (231424K), 5 survivors (5120K)
 Metaspace       used 78762K, capacity 82312K, committed 82864K, reserved 1124352K
  class space    used 7059K, capacity 8335K, committed 8448K, reserved 1048576K
}
Event: 3006.469 GC heap after
{Heap after GC invocations=246 (full 0):
 garbage-first heap   total 408576K, used 123444K [0x00000000c0000000, 0x0000000100000000)
  region size 1024K, 2 young (2048K), 2 survivors (2048K)
 Metaspace       used 78762K, capacity 82312K, committed 82864K, reserved 1124352K
  class space    used 7059K, capacity 8335K, committed 8448K, reserved 1048576K
}
Event: 3041.138 GC heap before
{Heap before GC invocations=247 (full 0):
 garbage-first heap   total 408576K, used 352820K [0x00000000c0000000, 0x0000000100000000)
  region size 1024K, 227 young (232448K), 2 survivors (2048K)
 Metaspace       used 78798K, capacity 82440K, committed 82864K, reserved 1124352K
  class space    used 7059K, capacity 8335K, committed 8448K, reserved 1048576K
}

